<?xml version="1.0" encoding="UTF-8"?>
<!-- Generated by org.testng.reporters.JUnitReportReporter -->
<testsuite hostname="LAPTOP-VSB34MQ0" failures="0" tests="1" name="com.qa.test.TC_getPanjabiSongs" time="21.491" errors="0" timestamp="2021-06-27T09:59:57 IST" skipped="0">
  <testcase classname="com.qa.test.TC_getPanjabiSongs" name="getAllPanjabiSongs" time="21.491"/>
  <system-out>
    <![CDATA[Total no of Panjabi songs available are :20
Ve Paagla Enna Pyar Nai Karde
Akhil
Paagla
Akhil
Pyar Acha Lagta Hai
Navjeet
Roka Ni
Gurnam Bhullar
Tere Naalon
Ninja
Jodhpur
Jordan Sandhu
Bahla Changa
Inder Chahal
Jeep
Gur Sidhu
Good Luck
Garry Sandhu
Ishq Lagan
Yasser Desai
Mere Wala Jatt
Prem Dhillon
Mohabbat
Kaka
Munde Mere Shehar De
Harpinder Gill, Navaan Sandhu
Tere Viah Di Khabar
Kaka
Karda Mai Yaad
Jazzleen Kaur
Nazraan
Kaka
Agg Pyar Di
Kaka
Tenu Yaad Karaan
Gurnazar, Asees Kaur
Sucha Soorma
Ranjit Bawa
Achha Ve Achha
Nikk]]>
  </system-out>
</testsuite> <!-- com.qa.test.TC_getPanjabiSongs -->
