<?xml version="1.0" encoding="UTF-8"?>
<!-- Generated by org.testng.reporters.JUnitReportReporter -->
<testsuite hostname="LAPTOP-VSB34MQ0" failures="0" tests="1" name="com.qa.test.TC_getRingtones" time="19.502" errors="0" timestamp="2021-06-27T09:59:57 IST" skipped="0">
  <testcase classname="com.qa.test.TC_getRingtones" name="GetAllRingTones" time="19.502"/>
  <system-out>
    <![CDATA[Total no of Ringtones available are :3
Pubg Ringtones
All Pubg Ringtones
A to Z Ringtones
A to Z Ringtones Collection
Tik Tok Ringtones
Latest TikTok Ringtones Collection]]>
  </system-out>
</testsuite> <!-- com.qa.test.TC_getRingtones -->
