<?xml version="1.0" encoding="UTF-8"?>
<!-- Generated by org.testng.reporters.JUnitReportReporter -->
<testsuite hostname="LAPTOP-VSB34MQ0" failures="1" tests="5" name="com.qa.test.TC_SearchSong" time="39.063" errors="0" timestamp="2021-06-27T09:59:57 IST" skipped="0">
  <testcase classname="com.qa.test.TC_SearchSong" name="getAvailableSongs" time="2.905"/>
  <system-out>
    <![CDATA[New Available Songs : 
Total no of songs available are : 14
Ishare Tere Karti Nigah
Sumit Goswami
Roi Na Je Yaad Meri Aayi Ve
Ninja
Chidiya
Vilen
Dil Chahte Ho
Jubin Nautiyal
Khairiyat Pucho
Arijit Singh
Teri Cute Jahi Smile Utte Kina Mardi
Aroob Khan
Born To Shine
Diljit Dosanjh
Feelings
Vatsala
Duniya (Satyajeet Jeena Remix)
DJ Dalal London
Maine Pyar Tume Se Kiya Hai (Remix) DJ Dalal London
DJ Dalal London
Tera Mera Pyaar (Ft Raxstar)
Nish Tera Mera Pyaar (2020)
Nightmares
Serhat Durmus ME and U (2020)
Love Me Someday
Maninder Buttar
Tootey Khaab (Female Version)
Shreya Karmaka]]>
  </system-out>
  <testcase classname="com.qa.test.TC_SearchSong" name="SearchItem" time="8.785">
    <failure message="expected [true] but found [false]" type="java.lang.AssertionError">
      <![CDATA[java.lang.AssertionError: expected [true] but found [false]
at org.testng.Assert.fail(Assert.java:99)
at org.testng.Assert.failNotEquals(Assert.java:1037)
at org.testng.Assert.assertTrue(Assert.java:45)
at org.testng.Assert.assertTrue(Assert.java:55)
at com.qa.test.TC_SearchSong.SearchItem(TC_SearchSong.java:46)
at java.base/jdk.internal.reflect.NativeMethodAccessorImpl.invoke0(Native Method)
at java.base/jdk.internal.reflect.NativeMethodAccessorImpl.invoke(NativeMethodAccessorImpl.java:64)
at java.base/jdk.internal.reflect.DelegatingMethodAccessorImpl.invoke(DelegatingMethodAccessorImpl.java:43)
at java.base/java.lang.reflect.Method.invoke(Method.java:564)
at org.testng.internal.MethodInvocationHelper.invokeMethod(MethodInvocationHelper.java:133)
at org.testng.internal.TestInvoker.invokeMethod(TestInvoker.java:598)
at org.testng.internal.TestInvoker.invokeTestMethod(TestInvoker.java:173)
at org.testng.internal.MethodRunner.runInSequence(MethodRunner.java:46)
at org.testng.internal.TestInvoker$MethodInvocationAgent.invoke(TestInvoker.java:824)
at org.testng.internal.TestInvoker.invokeTestMethods(TestInvoker.java:146)
at org.testng.internal.TestMethodWorker.invokeTestMethods(TestMethodWorker.java:146)
at org.testng.internal.TestMethodWorker.run(TestMethodWorker.java:128)
at java.base/java.util.concurrent.ThreadPoolExecutor.runWorker(ThreadPoolExecutor.java:1130)
at java.base/java.util.concurrent.ThreadPoolExecutor$Worker.run(ThreadPoolExecutor.java:630)
at java.base/java.lang.Thread.run(Thread.java:832)
]]>
    </failure>
  </testcase> <!-- SearchItem -->
  <system-out>
    <![CDATA[Ae Watan - Your Search Result - PagalWorld:----> this song is not available]]>
  </system-out>
  <testcase classname="com.qa.test.TC_SearchSong" name="SearchItem" time="7.011"/>
  <system-out>
    <![CDATA[Total no of songs loaded are:1
Soch Na Sake
Cover Mp3 Songs
Amrita Nayak
Soch na sake - Your Search Result - PagalWorld:----> this song is available]]>
  </system-out>
  <testcase classname="com.qa.test.TC_SearchSong" name="SearchItem" time="7.083"/>
  <system-out>
    <![CDATA[Total no of songs loaded are:1
Good Luck
Punjabi Mp3 Songs
Garry Sandhu
Good luck - Your Search Result - PagalWorld:----> this song is available]]>
  </system-out>
  <testcase classname="com.qa.test.TC_SearchSong" name="SearchItem" time="13.279"/>
  <system-out>
    <![CDATA[Total no of songs loaded are:2
Phir Mulakat Hogi Kabhi
Punjabi Mp3 Songs
Rii
Phir Na Milen Kabhi Reprise
Indian Pop Mp3 Songs
Tulsi Kumar
Phir Kabhi - Your Search Result - PagalWorld:----> this song is available]]>
  </system-out>
</testsuite> <!-- com.qa.test.TC_SearchSong -->
