<?xml version="1.0" encoding="UTF-8"?>
<!-- Generated by org.testng.reporters.JUnitReportReporter -->
<testsuite hostname="LAPTOP-VSB34MQ0" failures="0" tests="1" name="com.qa.test.TC_Atlassian" time="36.063" errors="0" timestamp="2021-06-22T21:33:27 IST" skipped="0">
  <testcase classname="com.qa.test.TC_Atlassian" name="login" time="36.063"/>
  <system-out/>
</testsuite> <!-- com.qa.test.TC_Atlassian -->
