<?xml version="1.0" encoding="UTF-8"?>
<!-- Generated by org.testng.reporters.JUnitReportReporter -->
<testsuite hostname="LAPTOP-VSB34MQ0" failures="0" tests="3" name="com.qa.test.TC_TakeScreenshots" time="40.406" errors="0" timestamp="2021-06-27T09:59:57 IST" skipped="0">
  <testcase classname="com.qa.test.TC_TakeScreenshots" name="screenshotOfElement" time="3.980"/>
  <system-out/>
  <testcase classname="com.qa.test.TC_TakeScreenshots" name="screenshotOfDriver" time="1.374"/>
  <system-out/>
  <testcase classname="com.qa.test.TC_TakeScreenshots" name="screenshotOfFullPage" time="35.052"/>
  <system-out/>
</testsuite> <!-- com.qa.test.TC_TakeScreenshots -->
