<?xml version="1.0" encoding="UTF-8"?>
<!-- Generated by org.testng.reporters.JUnitReportReporter -->
<testsuite hostname="LAPTOP-VSB34MQ0" failures="0" tests="1" name="com.qa.test.TC_getSongsList" time="1.218" errors="0" timestamp="2021-06-23T10:27:32 IST" skipped="0">
  <testcase classname="com.qa.test.TC_getSongsList" name="getAvailableSongs" time="1.218"/>
  <system-out>
    <![CDATA[New Added Songs
Total no of songs available are:1
Bahla Changa
Inder Chahal
IndiPop Songs (2021)
Rihaee
Yasser Desai
IndiPop Songs (2021)
Ek Bewafa
Sameer Khan
IndiPop Songs (2021)
Janaki Kalaganaledu
Sri Krishna, Anjana Sowmya
Telugu Hits (2021)
Jeep
Gur Sidhu
Punjabi Songs (2021)
Desi Haan Ji
Ndee Kundu, Bintu Pabra
Haryanvi Songs (2021)
Shanti
Millind Gaba
IndiPop Songs (2021)
Good Luck
Garry Sandhu
Punjabi Songs (2021)
Ishq Lagan
Yasser Desai
Punjabi Songs (2021)
Nach Ke Malkini
Khesari Lal Yadav, Shilpi Raj
Bhojpuri Hits (2021)
Phisal Jaa Tu
Abhijeet Srivastava
Haseen Dillruba (2021)
Mere Wala Jatt
Prem Dhillon
Punjabi Songs (2021)
Mohabbat
Kaka
Punjabi Songs (2021)
My Time
Emiway Bantai
IndiPop Songs (2021)
Hela Ki Prema
Humane Sagar, Aseema Panda
Odia Hits (2021)
Papa Kehte Hain
Isha Makker
Father's Day Special (2021)
Munde Mere Shehar De
Harpinder Gill, Navaan Sandhu
Punjabi Songs (2021)
Ghungroo Toot Jayega
UK Haryanvi
Haryanvi Songs (2021)
Dil Se Bandhi Ek Dor
Pamela Jain
Serial Songs (2021)
Tere Viah Di Khabar
Kaka
Punjabi Songs (2021)]]>
  </system-out>
</testsuite> <!-- com.qa.test.TC_getSongsList -->
