<?xml version="1.0" encoding="UTF-8"?>
<!-- Generated by org.testng.reporters.JUnitReportReporter -->
<testsuite hostname="LAPTOP-VSB34MQ0" failures="0" tests="1" name="com.qa.test.AtlassianFooterLinks" time="0.073" errors="0" timestamp="2021-06-22T15:20:23 IST" skipped="0">
  <testcase classname="com.qa.test.AtlassianFooterLinks" name="FooterLink" time="0.073"/>
  <system-out>
    <![CDATA[Incorrect no of footer links]]>
  </system-out>
</testsuite> <!-- com.qa.test.AtlassianFooterLinks -->
