<?xml version="1.0" encoding="UTF-8"?>
<!-- Generated by org.testng.reporters.JUnitReportReporter -->
<testsuite skipped="0" hostname="LAPTOP-VSB34MQ0" name="com.qa.test.TC_getRingtones" tests="1" failures="0" timestamp="2021-06-27T11:58:24 IST" time="11.763" errors="0">
  <testcase name="GetAllRingTones" time="11.763" classname="com.qa.test.TC_getRingtones"/>
  <system-out>
Total no of Ringtones available are :3 Pubg Ringtones
All Pubg Ringtones A to Z Ringtones
A to Z Ringtones Collection Tik Tok Ringtones
Latest TikTok Ringtones Collection  </system-out>
</testsuite> <!-- com.qa.test.TC_getRingtones -->
