<?xml version="1.0" encoding="UTF-8"?>
<!-- Generated by org.testng.reporters.JUnitReportReporter -->
<testsuite skipped="0" hostname="LAPTOP-VSB34MQ0" name="com.qa.test.TC_SearchSong" tests="5" failures="1" timestamp="2021-06-27T11:58:24 IST" time="48.780" errors="0">
  <testcase name="getAvailableSongs" time="1.586" classname="com.qa.test.TC_SearchSong"/>
  <system-out>
New Available Songs :  Total no of songs available are : 14 Ishare Tere Karti Nigah
Sumit Goswami Roi Na Je Yaad Meri Aayi Ve
Ninja Chidiya
Vilen Dil Chahte Ho
Jubin Nautiyal Khairiyat Pucho
Arijit Singh Teri Cute Jahi Smile Utte Kina Mardi
Aroob Khan Born To Shine
Diljit Dosanjh Feelings
Vatsala Duniya (Satyajeet Jeena Remix)
DJ Dalal London Maine Pyar Tume Se Kiya Hai (Remix) DJ Dalal London
DJ Dalal London Tera Mera Pyaar (Ft Raxstar)
Nish Tera Mera Pyaar (2020) Nightmares
Serhat Durmus ME and U (2020) Love Me Someday
Maninder Buttar Tootey Khaab (Female Version)
Shreya Karmaka  </system-out>
  <testcase name="SearchItem" time="11.227" classname="com.qa.test.TC_SearchSong"/>
  <system-out>
Total no of songs loaded are:1 Soch Na Sake
Cover Mp3 Songs
Amrita Nayak Soch na sake - Your Search Result - PagalWorld:----> this song is available  </system-out>
  <testcase name="SearchItem" time="13.605" classname="com.qa.test.TC_SearchSong"/>
  <system-out>
Total no of songs loaded are:2 Phir Mulakat Hogi Kabhi
Punjabi Mp3 Songs
Rii Phir Na Milen Kabhi Reprise
Indian Pop Mp3 Songs
Tulsi Kumar Phir Kabhi - Your Search Result - PagalWorld:----> this song is available  </system-out>
  <testcase name="SearchItem" time="8.160" classname="com.qa.test.TC_SearchSong"/>
  <system-out>
Total no of songs loaded are:1 Good Luck
Punjabi Mp3 Songs
Garry Sandhu Good luck - Your Search Result - PagalWorld:----> this song is available  </system-out>
  <testcase name="SearchItem" time="14.202" classname="com.qa.test.TC_SearchSong">
    <failure type="java.lang.AssertionError" message="expected [true] but found [false]">
      <![CDATA[java.lang.AssertionError: expected [true] but found [false]
at org.testng.Assert.fail(Assert.java:99)
at org.testng.Assert.failNotEquals(Assert.java:1037)
at org.testng.Assert.assertTrue(Assert.java:45)
at org.testng.Assert.assertTrue(Assert.java:55)
at com.qa.test.TC_SearchSong.SearchItem(TC_SearchSong.java:46)
at sun.reflect.NativeMethodAccessorImpl.invoke0(Native Method)
at sun.reflect.NativeMethodAccessorImpl.invoke(NativeMethodAccessorImpl.java:62)
at sun.reflect.DelegatingMethodAccessorImpl.invoke(DelegatingMethodAccessorImpl.java:43)
at java.lang.reflect.Method.invoke(Method.java:498)
at org.testng.internal.MethodInvocationHelper.invokeMethod(MethodInvocationHelper.java:132)
at org.testng.internal.TestInvoker.invokeMethod(TestInvoker.java:599)
at org.testng.internal.TestInvoker.invokeTestMethod(TestInvoker.java:174)
at org.testng.internal.MethodRunner.runInSequence(MethodRunner.java:46)
at org.testng.internal.TestInvoker$MethodInvocationAgent.invoke(TestInvoker.java:822)
at org.testng.internal.TestInvoker.invokeTestMethods(TestInvoker.java:147)
at org.testng.internal.TestMethodWorker.invokeTestMethods(TestMethodWorker.java:146)
at org.testng.internal.TestMethodWorker.run(TestMethodWorker.java:128)
at java.util.concurrent.ThreadPoolExecutor.runWorker(ThreadPoolExecutor.java:1149)
at java.util.concurrent.ThreadPoolExecutor$Worker.run(ThreadPoolExecutor.java:624)
at java.lang.Thread.run(Thread.java:748)
]]>
    </failure>
  </testcase> <!-- SearchItem -->
  <system-out>
Ae Watan - Your Search Result - PagalWorld:----> this song is not available  </system-out>
</testsuite> <!-- com.qa.test.TC_SearchSong -->
