<?xml version="1.0" encoding="UTF-8"?>
<!-- Generated by org.testng.reporters.JUnitReportReporter -->
<testsuite skipped="0" hostname="LAPTOP-VSB34MQ0" name="com.qa.test.TC_getPanjabiSongs" tests="1" failures="0" timestamp="2021-06-27T11:58:24 IST" time="13.931" errors="0">
  <testcase name="getAllPanjabiSongs" time="13.931" classname="com.qa.test.TC_getPanjabiSongs"/>
  <system-out>
Total no of Panjabi songs available are :20 Roka
Gurnam Bhullar Come Closer
Prince, Manya Narang Shy Aa
Ayush Talniya Turkey
Manna Boy Ve Paagla Enna Pyar Nai Karde
Akhil Paagla
Akhil Pyar Acha Lagta Hai
Navjeet Roka Ni
Gurnam Bhullar Tere Naalon
Ninja Jodhpur
Jordan Sandhu Bahla Changa
Inder Chahal Jeep
Gur Sidhu Good Luck
Garry Sandhu Ishq Lagan
Yasser Desai Mere Wala Jatt
Prem Dhillon Mohabbat
Kaka Munde Mere Shehar De
Harpinder Gill, Navaan Sandhu Tere Viah Di Khabar
Kaka Karda Mai Yaad
Jazzleen Kaur Nazraan
Kaka  </system-out>
</testsuite> <!-- com.qa.test.TC_getPanjabiSongs -->
