<?xml version="1.0" encoding="UTF-8"?>
<!-- Generated by org.testng.reporters.JUnitReportReporter -->
<testsuite skipped="0" hostname="LAPTOP-VSB34MQ0" name="com.qa.test.TC_TakeScreenshots" tests="3" failures="0" timestamp="2021-06-27T11:58:24 IST" time="9.444" errors="0">
  <testcase name="screenshotOfElement" time="0.613" classname="com.qa.test.TC_TakeScreenshots"/>
  <system-out/>
  <testcase name="screenshotOfDriver" time="0.674" classname="com.qa.test.TC_TakeScreenshots"/>
  <system-out/>
  <testcase name="screenshotOfFullPage" time="8.157" classname="com.qa.test.TC_TakeScreenshots"/>
  <system-out/>
</testsuite> <!-- com.qa.test.TC_TakeScreenshots -->
